2023-01-27 10:13:44,943 [Worker-2: Loading available Gradle versions] INFO  o.e.b.c.i.u.g.PublishedGradleVersions - Gradle version information cache is out-of-date. Trying to update.
2023-01-27 15:43:42,832 [Worker-53: Launching New_configuration] INFO  o.eclipse.m2e.core.internal.Bundles - getClasspathEntries(Bundle=org.eclipse.m2e.maven.runtime_3.8.604.20221130-2149 [264])
2023-01-27 15:43:43,108 [Worker-53: Launching New_configuration] INFO  o.eclipse.m2e.core.internal.Bundles - 	Entry: /snap/eclipse/66/plugins/org.eclipse.m2e.maven.runtime_3.8.604.20221130-2149
2023-01-27 15:43:43,109 [Worker-53: Launching New_configuration] INFO  o.eclipse.m2e.core.internal.Bundles - 	Entry: /snap/eclipse/66/plugins/org.eclipse.m2e.maven.runtime_3.8.604.20221130-2149/jars/aether-connector-okhttp-0.17.8.jar
2023-01-27 15:43:43,109 [Worker-53: Launching New_configuration] INFO  o.eclipse.m2e.core.internal.Bundles - 	Entry: /snap/eclipse/66/plugins/org.eclipse.m2e.maven.runtime_3.8.604.20221130-2149/jars/commons-cli-1.4.jar
2023-01-27 15:43:43,109 [Worker-53: Launching New_configuration] INFO  o.eclipse.m2e.core.internal.Bundles - 	Entry: /snap/eclipse/66/plugins/org.eclipse.m2e.maven.runtime_3.8.604.20221130-2149/jars/commons-io-2.6.jar
2023-01-27 15:43:43,109 [Worker-53: Launching New_configuration] INFO  o.eclipse.m2e.core.internal.Bundles - 	Entry: /snap/eclipse/66/plugins/org.eclipse.m2e.maven.runtime_3.8.604.20221130-2149/jars/commons-lang3-3.8.1.jar
2023-01-27 15:43:43,109 [Worker-53: Launching New_configuration] INFO  o.eclipse.m2e.core.internal.Bundles - 	Entry: /snap/eclipse/66/plugins/org.eclipse.m2e.maven.runtime_3.8.604.20221130-2149/jars/guice-4.2.2-no_aop.jar
2023-01-27 15:43:43,109 [Worker-53: Launching New_configuration] INFO  o.eclipse.m2e.core.internal.Bundles - 	Entry: /snap/eclipse/66/plugins/org.eclipse.m2e.maven.runtime_3.8.604.20221130-2149/jars/jansi-2.4.0.jar
2023-01-27 15:43:43,109 [Worker-53: Launching New_configuration] INFO  o.eclipse.m2e.core.internal.Bundles - 	Entry: /snap/eclipse/66/plugins/org.eclipse.m2e.maven.runtime_3.8.604.20221130-2149/jars/maven-artifact-3.8.6.jar
2023-01-27 15:43:43,109 [Worker-53: Launching New_configuration] INFO  o.eclipse.m2e.core.internal.Bundles - 	Entry: /snap/eclipse/66/plugins/org.eclipse.m2e.maven.runtime_3.8.604.20221130-2149/jars/maven-builder-support-3.8.6.jar
2023-01-27 15:43:43,110 [Worker-53: Launching New_configuration] INFO  o.eclipse.m2e.core.internal.Bundles - 	Entry: /snap/eclipse/66/plugins/org.eclipse.m2e.maven.runtime_3.8.604.20221130-2149/jars/maven-compat-3.8.6.jar
2023-01-27 15:43:43,110 [Worker-53: Launching New_configuration] INFO  o.eclipse.m2e.core.internal.Bundles - 	Entry: /snap/eclipse/66/plugins/org.eclipse.m2e.maven.runtime_3.8.604.20221130-2149/jars/maven-core-3.8.6.jar
2023-01-27 15:43:43,110 [Worker-53: Launching New_configuration] INFO  o.eclipse.m2e.core.internal.Bundles - 	Entry: /snap/eclipse/66/plugins/org.eclipse.m2e.maven.runtime_3.8.604.20221130-2149/jars/maven-embedder-3.8.6.jar
2023-01-27 15:43:43,110 [Worker-53: Launching New_configuration] INFO  o.eclipse.m2e.core.internal.Bundles - 	Entry: /snap/eclipse/66/plugins/org.eclipse.m2e.maven.runtime_3.8.604.20221130-2149/jars/maven-model-3.8.6.jar
2023-01-27 15:43:43,110 [Worker-53: Launching New_configuration] INFO  o.eclipse.m2e.core.internal.Bundles - 	Entry: /snap/eclipse/66/plugins/org.eclipse.m2e.maven.runtime_3.8.604.20221130-2149/jars/maven-model-builder-3.8.6.jar
2023-01-27 15:43:43,110 [Worker-53: Launching New_configuration] INFO  o.eclipse.m2e.core.internal.Bundles - 	Entry: /snap/eclipse/66/plugins/org.eclipse.m2e.maven.runtime_3.8.604.20221130-2149/jars/maven-plugin-api-3.8.6.jar
2023-01-27 15:43:43,111 [Worker-53: Launching New_configuration] INFO  o.eclipse.m2e.core.internal.Bundles - 	Entry: /snap/eclipse/66/plugins/org.eclipse.m2e.maven.runtime_3.8.604.20221130-2149/jars/maven-repository-metadata-3.8.6.jar
2023-01-27 15:43:43,111 [Worker-53: Launching New_configuration] INFO  o.eclipse.m2e.core.internal.Bundles - 	Entry: /snap/eclipse/66/plugins/org.eclipse.m2e.maven.runtime_3.8.604.20221130-2149/jars/maven-resolver-api-1.6.3.jar
2023-01-27 15:43:43,111 [Worker-53: Launching New_configuration] INFO  o.eclipse.m2e.core.internal.Bundles - 	Entry: /snap/eclipse/66/plugins/org.eclipse.m2e.maven.runtime_3.8.604.20221130-2149/jars/maven-resolver-connector-basic-1.6.3.jar
2023-01-27 15:43:43,111 [Worker-53: Launching New_configuration] INFO  o.eclipse.m2e.core.internal.Bundles - 	Entry: /snap/eclipse/66/plugins/org.eclipse.m2e.maven.runtime_3.8.604.20221130-2149/jars/maven-resolver-impl-1.6.3.jar
2023-01-27 15:43:43,111 [Worker-53: Launching New_configuration] INFO  o.eclipse.m2e.core.internal.Bundles - 	Entry: /snap/eclipse/66/plugins/org.eclipse.m2e.maven.runtime_3.8.604.20221130-2149/jars/maven-resolver-provider-3.8.6.jar
2023-01-27 15:43:43,111 [Worker-53: Launching New_configuration] INFO  o.eclipse.m2e.core.internal.Bundles - 	Entry: /snap/eclipse/66/plugins/org.eclipse.m2e.maven.runtime_3.8.604.20221130-2149/jars/maven-resolver-spi-1.6.3.jar
2023-01-27 15:43:43,111 [Worker-53: Launching New_configuration] INFO  o.eclipse.m2e.core.internal.Bundles - 	Entry: /snap/eclipse/66/plugins/org.eclipse.m2e.maven.runtime_3.8.604.20221130-2149/jars/maven-resolver-transport-wagon-1.6.3.jar
2023-01-27 15:43:43,111 [Worker-53: Launching New_configuration] INFO  o.eclipse.m2e.core.internal.Bundles - 	Entry: /snap/eclipse/66/plugins/org.eclipse.m2e.maven.runtime_3.8.604.20221130-2149/jars/maven-resolver-util-1.6.3.jar
2023-01-27 15:43:43,111 [Worker-53: Launching New_configuration] INFO  o.eclipse.m2e.core.internal.Bundles - 	Entry: /snap/eclipse/66/plugins/org.eclipse.m2e.maven.runtime_3.8.604.20221130-2149/jars/maven-settings-3.8.6.jar
2023-01-27 15:43:43,112 [Worker-53: Launching New_configuration] INFO  o.eclipse.m2e.core.internal.Bundles - 	Entry: /snap/eclipse/66/plugins/org.eclipse.m2e.maven.runtime_3.8.604.20221130-2149/jars/maven-settings-builder-3.8.6.jar
2023-01-27 15:43:43,112 [Worker-53: Launching New_configuration] INFO  o.eclipse.m2e.core.internal.Bundles - 	Entry: /snap/eclipse/66/plugins/org.eclipse.m2e.maven.runtime_3.8.604.20221130-2149/jars/maven-shared-utils-3.3.4.jar
2023-01-27 15:43:43,112 [Worker-53: Launching New_configuration] INFO  o.eclipse.m2e.core.internal.Bundles - 	Entry: /snap/eclipse/66/plugins/org.eclipse.m2e.maven.runtime_3.8.604.20221130-2149/jars/okhttp-3.14.1.jar
2023-01-27 15:43:43,112 [Worker-53: Launching New_configuration] INFO  o.eclipse.m2e.core.internal.Bundles - 	Entry: /snap/eclipse/66/plugins/org.eclipse.m2e.maven.runtime_3.8.604.20221130-2149/jars/okio-1.17.3.jar
2023-01-27 15:43:43,112 [Worker-53: Launching New_configuration] INFO  o.eclipse.m2e.core.internal.Bundles - 	Entry: /snap/eclipse/66/plugins/org.eclipse.m2e.maven.runtime_3.8.604.20221130-2149/jars/org.eclipse.sisu.inject-0.3.5.jar
2023-01-27 15:43:43,112 [Worker-53: Launching New_configuration] INFO  o.eclipse.m2e.core.internal.Bundles - 	Entry: /snap/eclipse/66/plugins/org.eclipse.m2e.maven.runtime_3.8.604.20221130-2149/jars/org.eclipse.sisu.plexus-0.3.5.jar
2023-01-27 15:43:43,112 [Worker-53: Launching New_configuration] INFO  o.eclipse.m2e.core.internal.Bundles - 	Entry: /snap/eclipse/66/plugins/org.eclipse.m2e.maven.runtime_3.8.604.20221130-2149/jars/plexus-build-api-0.0.7.jar
2023-01-27 15:43:43,112 [Worker-53: Launching New_configuration] INFO  o.eclipse.m2e.core.internal.Bundles - 	Entry: /snap/eclipse/66/plugins/org.eclipse.m2e.maven.runtime_3.8.604.20221130-2149/jars/plexus-cipher-2.0.jar
2023-01-27 15:43:43,112 [Worker-53: Launching New_configuration] INFO  o.eclipse.m2e.core.internal.Bundles - 	Entry: /snap/eclipse/66/plugins/org.eclipse.m2e.maven.runtime_3.8.604.20221130-2149/jars/plexus-classworlds-2.6.0.jar
2023-01-27 15:43:43,112 [Worker-53: Launching New_configuration] INFO  o.eclipse.m2e.core.internal.Bundles - 	Entry: /snap/eclipse/66/plugins/org.eclipse.m2e.maven.runtime_3.8.604.20221130-2149/jars/plexus-component-annotations-2.1.0.jar
2023-01-27 15:43:43,112 [Worker-53: Launching New_configuration] INFO  o.eclipse.m2e.core.internal.Bundles - 	Entry: /snap/eclipse/66/plugins/org.eclipse.m2e.maven.runtime_3.8.604.20221130-2149/jars/plexus-interpolation-1.26.jar
2023-01-27 15:43:43,113 [Worker-53: Launching New_configuration] INFO  o.eclipse.m2e.core.internal.Bundles - 	Entry: /snap/eclipse/66/plugins/org.eclipse.m2e.maven.runtime_3.8.604.20221130-2149/jars/plexus-sec-dispatcher-2.0.jar
2023-01-27 15:43:43,113 [Worker-53: Launching New_configuration] INFO  o.eclipse.m2e.core.internal.Bundles - 	Entry: /snap/eclipse/66/plugins/org.eclipse.m2e.maven.runtime_3.8.604.20221130-2149/jars/plexus-utils-3.3.1.jar
2023-01-27 15:43:43,113 [Worker-53: Launching New_configuration] INFO  o.eclipse.m2e.core.internal.Bundles - 	Entry: /snap/eclipse/66/plugins/org.eclipse.m2e.maven.runtime_3.8.604.20221130-2149/jars/wagon-file-3.5.1.jar
2023-01-27 15:43:43,113 [Worker-53: Launching New_configuration] INFO  o.eclipse.m2e.core.internal.Bundles - 	Entry: /snap/eclipse/66/plugins/org.eclipse.m2e.maven.runtime_3.8.604.20221130-2149/jars/wagon-provider-api-3.5.1.jar
2023-01-27 15:43:43,117 [Worker-53: Launching New_configuration] INFO  o.eclipse.m2e.core.internal.Bundles - getClasspathEntries(Bundle=com.google.guava_30.1.0.v20221112-0806 [8])
2023-01-27 15:43:43,286 [Worker-53: Launching New_configuration] INFO  o.eclipse.m2e.core.internal.Bundles - 	Entry: /snap/eclipse/66/plugins/com.google.guava_30.1.0.v20221112-0806.jar
2023-01-27 15:43:43,287 [Worker-53: Launching New_configuration] INFO  o.eclipse.m2e.core.internal.Bundles - getClasspathEntries(Bundle=slf4j.api_1.7.36 [426])
2023-01-27 15:43:43,301 [Worker-53: Launching New_configuration] INFO  o.eclipse.m2e.core.internal.Bundles - 	Entry: /snap/eclipse/66/plugins/slf4j.api_1.7.36.jar
2023-01-27 15:43:43,301 [Worker-53: Launching New_configuration] INFO  o.eclipse.m2e.core.internal.Bundles - getClasspathEntries(Bundle=javax.inject_1.0.0.v20220405-0441 [18])
2023-01-27 15:43:43,332 [Worker-53: Launching New_configuration] INFO  o.eclipse.m2e.core.internal.Bundles - 	Entry: /snap/eclipse/66/plugins/javax.inject_1.0.0.v20220405-0441.jar
2023-01-27 15:43:43,332 [Worker-53: Launching New_configuration] INFO  o.eclipse.m2e.core.internal.Bundles - getClasspathEntries(Bundle=javax.annotation_1.3.5.v20221112-0806 [16])
2023-01-27 15:43:43,338 [Worker-53: Launching New_configuration] INFO  o.eclipse.m2e.core.internal.Bundles - 	Entry: /snap/eclipse/66/plugins/javax.annotation_1.3.5.v20221112-0806.jar
2023-01-27 15:43:43,341 [Worker-53: Launching New_configuration] INFO  o.e.m.i.launch.MavenLaunchDelegate - Run build in "/home/beehyv/Desktop/Sanjeev/JunitAssign":
2023-01-27 15:43:43,378 [Worker-53: Launching New_configuration] INFO  o.e.m.i.launch.MavenLaunchDelegate -  mvn  -B -Dstyle.color=always 
2023-01-27 15:44:03,939 [Worker-53: Searching...] INFO  o.eclipse.m2e.core.internal.Bundles - getClasspathEntries(Bundle=org.eclipse.m2e.workspace.cli_0.3.1 [273])
2023-01-27 15:44:03,939 [Worker-53: Searching...] INFO  o.eclipse.m2e.core.internal.Bundles - 	Entry: /snap/eclipse/66/plugins/org.eclipse.m2e.workspace.cli_0.3.1.jar
2023-01-27 15:44:05,429 [Worker-53: Searching...] INFO  o.e.m.c.i.e.AbstractTransferListenerAdapter - Downloading https://repo.maven.apache.org/maven2/io/takari/m2e/workspace/org.eclipse.m2e.workspace.cli/0.3.1/org.eclipse.m2e.workspace.cli-0.3.1-sources.jar
2023-01-27 15:44:05,864 [Worker-53: Searching...] INFO  o.e.m.c.i.e.AbstractTransferListenerAdapter - Downloaded https://repo.maven.apache.org/maven2/io/takari/m2e/workspace/org.eclipse.m2e.workspace.cli/0.3.1/org.eclipse.m2e.workspace.cli-0.3.1-sources.jar
2023-01-27 15:44:06,528 [Worker-53: Searching...] INFO  o.e.m.c.i.e.AbstractTransferListenerAdapter - Downloading https://repo.maven.apache.org/maven2/org/codehaus/plexus/plexus-classworlds/2.6.0/plexus-classworlds-2.6.0-sources.jar
2023-01-27 15:44:06,894 [Worker-53: Searching...] INFO  o.e.m.c.i.e.AbstractTransferListenerAdapter - Downloaded https://repo.maven.apache.org/maven2/org/codehaus/plexus/plexus-classworlds/2.6.0/plexus-classworlds-2.6.0-sources.jar
2023-01-27 15:44:07,801 [Worker-53: Searching...] INFO  o.e.m.c.i.e.AbstractTransferListenerAdapter - Downloading https://repo.maven.apache.org/maven2/io/takari/aether/aether-connector-okhttp/0.17.8/aether-connector-okhttp-0.17.8-sources.jar
2023-01-27 15:44:08,242 [Worker-53: Searching...] INFO  o.e.m.c.i.e.AbstractTransferListenerAdapter - Downloaded https://repo.maven.apache.org/maven2/io/takari/aether/aether-connector-okhttp/0.17.8/aether-connector-okhttp-0.17.8-sources.jar
2023-01-27 15:44:09,138 [Worker-53: Searching...] INFO  o.e.m.c.i.e.AbstractTransferListenerAdapter - Downloading https://repo.maven.apache.org/maven2/commons-cli/commons-cli/1.4/commons-cli-1.4-sources.jar
2023-01-27 15:44:09,631 [Worker-53: Searching...] INFO  o.e.m.c.i.e.AbstractTransferListenerAdapter - Downloaded https://repo.maven.apache.org/maven2/commons-cli/commons-cli/1.4/commons-cli-1.4-sources.jar
2023-01-27 15:44:10,516 [Worker-53: Searching...] INFO  o.e.m.c.i.e.AbstractTransferListenerAdapter - Downloading https://repo.maven.apache.org/maven2/commons-io/commons-io/2.6/commons-io-2.6-sources.jar
2023-01-27 15:44:11,416 [Worker-53: Searching...] INFO  o.e.m.c.i.e.AbstractTransferListenerAdapter - Downloaded https://repo.maven.apache.org/maven2/commons-io/commons-io/2.6/commons-io-2.6-sources.jar
2023-01-27 15:44:12,369 [Worker-53: Searching...] INFO  o.e.m.c.i.e.AbstractTransferListenerAdapter - Downloading https://repo.maven.apache.org/maven2/org/apache/commons/commons-lang3/3.8.1/commons-lang3-3.8.1-sources.jar
2023-01-27 15:44:13,576 [Worker-53: Searching...] INFO  o.e.m.c.i.e.AbstractTransferListenerAdapter - Downloaded https://repo.maven.apache.org/maven2/org/apache/commons/commons-lang3/3.8.1/commons-lang3-3.8.1-sources.jar
2023-01-27 15:44:14,497 [Worker-53: Searching...] INFO  o.e.m.c.i.e.AbstractTransferListenerAdapter - Downloading https://repo.maven.apache.org/maven2/org/fusesource/jansi/jansi/2.4.0/jansi-2.4.0-sources.jar
2023-01-27 15:44:15,269 [Worker-53: Searching...] INFO  o.e.m.c.i.e.AbstractTransferListenerAdapter - Downloaded https://repo.maven.apache.org/maven2/org/fusesource/jansi/jansi/2.4.0/jansi-2.4.0-sources.jar
2023-01-27 15:44:16,247 [Worker-53: Searching...] INFO  o.e.m.c.i.e.AbstractTransferListenerAdapter - Downloading https://repo.maven.apache.org/maven2/org/apache/maven/maven-artifact/3.8.6/maven-artifact-3.8.6-sources.jar
2023-01-27 15:44:16,751 [Worker-53: Searching...] INFO  o.e.m.c.i.e.AbstractTransferListenerAdapter - Downloaded https://repo.maven.apache.org/maven2/org/apache/maven/maven-artifact/3.8.6/maven-artifact-3.8.6-sources.jar
2023-01-27 15:44:17,358 [Worker-53: Searching...] INFO  o.e.m.c.i.e.AbstractTransferListenerAdapter - Downloading https://repo.maven.apache.org/maven2/org/apache/maven/maven-builder-support/3.8.6/maven-builder-support-3.8.6-sources.jar
2023-01-27 15:44:17,665 [Worker-53: Searching...] INFO  o.e.m.c.i.e.AbstractTransferListenerAdapter - Downloaded https://repo.maven.apache.org/maven2/org/apache/maven/maven-builder-support/3.8.6/maven-builder-support-3.8.6-sources.jar
2023-01-27 15:44:18,554 [Worker-53: Searching...] INFO  o.e.m.c.i.e.AbstractTransferListenerAdapter - Downloading https://repo.maven.apache.org/maven2/org/apache/maven/maven-compat/3.8.6/maven-compat-3.8.6-sources.jar
2023-01-27 15:44:19,433 [Worker-53: Searching...] INFO  o.e.m.c.i.e.AbstractTransferListenerAdapter - Downloaded https://repo.maven.apache.org/maven2/org/apache/maven/maven-compat/3.8.6/maven-compat-3.8.6-sources.jar
2023-01-27 15:44:20,369 [Worker-53: Searching...] INFO  o.e.m.c.i.e.AbstractTransferListenerAdapter - Downloading https://repo.maven.apache.org/maven2/org/apache/maven/maven-core/3.8.6/maven-core-3.8.6-sources.jar
2023-01-27 15:44:21,574 [Worker-53: Searching...] INFO  o.e.m.c.i.e.AbstractTransferListenerAdapter - Downloaded https://repo.maven.apache.org/maven2/org/apache/maven/maven-core/3.8.6/maven-core-3.8.6-sources.jar
2023-01-27 15:44:22,468 [Worker-53: Searching...] INFO  o.e.m.c.i.e.AbstractTransferListenerAdapter - Downloading https://repo.maven.apache.org/maven2/org/apache/maven/maven-embedder/3.8.6/maven-embedder-3.8.6-sources.jar
2023-01-27 15:44:22,974 [Worker-53: Searching...] INFO  o.e.m.c.i.e.AbstractTransferListenerAdapter - Downloaded https://repo.maven.apache.org/maven2/org/apache/maven/maven-embedder/3.8.6/maven-embedder-3.8.6-sources.jar
2023-01-27 15:44:23,867 [Worker-53: Searching...] INFO  o.e.m.c.i.e.AbstractTransferListenerAdapter - Downloading https://repo.maven.apache.org/maven2/org/apache/maven/maven-model/3.8.6/maven-model-3.8.6-sources.jar
2023-01-27 15:44:24,578 [Worker-53: Searching...] INFO  o.e.m.c.i.e.AbstractTransferListenerAdapter - Downloaded https://repo.maven.apache.org/maven2/org/apache/maven/maven-model/3.8.6/maven-model-3.8.6-sources.jar
2023-01-27 15:44:25,114 [Worker-53: Searching...] INFO  o.e.m.c.i.e.AbstractTransferListenerAdapter - Downloading https://repo.maven.apache.org/maven2/org/apache/maven/maven-model-builder/3.8.6/maven-model-builder-3.8.6-sources.jar
2023-01-27 15:44:25,537 [Worker-53: Searching...] INFO  o.e.m.c.i.e.AbstractTransferListenerAdapter - Downloaded https://repo.maven.apache.org/maven2/org/apache/maven/maven-model-builder/3.8.6/maven-model-builder-3.8.6-sources.jar
2023-01-27 15:44:26,344 [Worker-53: Searching...] INFO  o.e.m.c.i.e.AbstractTransferListenerAdapter - Downloading https://repo.maven.apache.org/maven2/org/apache/maven/maven-plugin-api/3.8.6/maven-plugin-api-3.8.6-sources.jar
2023-01-27 15:44:26,751 [Worker-53: Searching...] INFO  o.e.m.c.i.e.AbstractTransferListenerAdapter - Downloaded https://repo.maven.apache.org/maven2/org/apache/maven/maven-plugin-api/3.8.6/maven-plugin-api-3.8.6-sources.jar
2023-01-27 15:44:27,374 [Worker-53: Searching...] INFO  o.e.m.c.i.e.AbstractTransferListenerAdapter - Downloading https://repo.maven.apache.org/maven2/org/apache/maven/maven-repository-metadata/3.8.6/maven-repository-metadata-3.8.6-sources.jar
2023-01-27 15:44:27,690 [Worker-53: Searching...] INFO  o.e.m.c.i.e.AbstractTransferListenerAdapter - Downloaded https://repo.maven.apache.org/maven2/org/apache/maven/maven-repository-metadata/3.8.6/maven-repository-metadata-3.8.6-sources.jar
2023-01-27 15:44:28,592 [Worker-53: Searching...] INFO  o.e.m.c.i.e.AbstractTransferListenerAdapter - Downloading https://repo.maven.apache.org/maven2/org/apache/maven/resolver/maven-resolver-api/1.6.3/maven-resolver-api-1.6.3-sources.jar
2023-01-27 15:44:29,371 [Worker-53: Searching...] INFO  o.e.m.c.i.e.AbstractTransferListenerAdapter - Downloaded https://repo.maven.apache.org/maven2/org/apache/maven/resolver/maven-resolver-api/1.6.3/maven-resolver-api-1.6.3-sources.jar
2023-01-27 15:44:30,238 [Worker-53: Searching...] INFO  o.e.m.c.i.e.AbstractTransferListenerAdapter - Downloading https://repo.maven.apache.org/maven2/org/apache/maven/resolver/maven-resolver-connector-basic/1.6.3/maven-resolver-connector-basic-1.6.3-sources.jar
2023-01-27 15:44:30,645 [Worker-53: Searching...] INFO  o.e.m.c.i.e.AbstractTransferListenerAdapter - Downloaded https://repo.maven.apache.org/maven2/org/apache/maven/resolver/maven-resolver-connector-basic/1.6.3/maven-resolver-connector-basic-1.6.3-sources.jar
2023-01-27 15:44:31,393 [Worker-53: Searching...] INFO  o.e.m.c.i.e.AbstractTransferListenerAdapter - Downloading https://repo.maven.apache.org/maven2/org/apache/maven/resolver/maven-resolver-impl/1.6.3/maven-resolver-impl-1.6.3-sources.jar
2023-01-27 15:44:31,949 [Worker-53: Searching...] INFO  o.e.m.c.i.e.AbstractTransferListenerAdapter - Downloaded https://repo.maven.apache.org/maven2/org/apache/maven/resolver/maven-resolver-impl/1.6.3/maven-resolver-impl-1.6.3-sources.jar
2023-01-27 15:44:32,863 [Worker-53: Searching...] INFO  o.e.m.c.i.e.AbstractTransferListenerAdapter - Downloading https://repo.maven.apache.org/maven2/org/apache/maven/maven-resolver-provider/3.8.6/maven-resolver-provider-3.8.6-sources.jar
2023-01-27 15:44:33,342 [Worker-53: Searching...] INFO  o.e.m.c.i.e.AbstractTransferListenerAdapter - Downloaded https://repo.maven.apache.org/maven2/org/apache/maven/maven-resolver-provider/3.8.6/maven-resolver-provider-3.8.6-sources.jar
2023-01-27 15:44:33,876 [Worker-53: Searching...] INFO  o.e.m.c.i.e.AbstractTransferListenerAdapter - Downloading https://repo.maven.apache.org/maven2/org/apache/maven/resolver/maven-resolver-spi/1.6.3/maven-resolver-spi-1.6.3-sources.jar
2023-01-27 15:44:34,157 [Worker-53: Searching...] INFO  o.e.m.c.i.e.AbstractTransferListenerAdapter - Downloaded https://repo.maven.apache.org/maven2/org/apache/maven/resolver/maven-resolver-spi/1.6.3/maven-resolver-spi-1.6.3-sources.jar
2023-01-27 15:44:35,089 [Worker-53: Searching...] INFO  o.e.m.c.i.e.AbstractTransferListenerAdapter - Downloading https://repo.maven.apache.org/maven2/org/apache/maven/resolver/maven-resolver-transport-wagon/1.6.3/maven-resolver-transport-wagon-1.6.3-sources.jar
2023-01-27 15:44:35,530 [Worker-53: Searching...] INFO  o.e.m.c.i.e.AbstractTransferListenerAdapter - Downloaded https://repo.maven.apache.org/maven2/org/apache/maven/resolver/maven-resolver-transport-wagon/1.6.3/maven-resolver-transport-wagon-1.6.3-sources.jar
2023-01-27 15:44:36,489 [Worker-53: Searching...] INFO  o.e.m.c.i.e.AbstractTransferListenerAdapter - Downloading https://repo.maven.apache.org/maven2/org/apache/maven/resolver/maven-resolver-util/1.6.3/maven-resolver-util-1.6.3-sources.jar
2023-01-27 15:44:37,250 [Worker-53: Searching...] INFO  o.e.m.c.i.e.AbstractTransferListenerAdapter - Downloaded https://repo.maven.apache.org/maven2/org/apache/maven/resolver/maven-resolver-util/1.6.3/maven-resolver-util-1.6.3-sources.jar
2023-01-27 15:44:37,764 [Worker-53: Searching...] INFO  o.e.m.c.i.e.AbstractTransferListenerAdapter - Downloading https://repo.maven.apache.org/maven2/org/apache/maven/maven-settings/3.8.6/maven-settings-3.8.6-sources.jar
2023-01-27 15:44:38,025 [Worker-53: Searching...] INFO  o.e.m.c.i.e.AbstractTransferListenerAdapter - Downloaded https://repo.maven.apache.org/maven2/org/apache/maven/maven-settings/3.8.6/maven-settings-3.8.6-sources.jar
2023-01-27 15:44:38,939 [Worker-53: Searching...] INFO  o.e.m.c.i.e.AbstractTransferListenerAdapter - Downloading https://repo.maven.apache.org/maven2/org/apache/maven/maven-settings-builder/3.8.6/maven-settings-builder-3.8.6-sources.jar
2023-01-27 15:44:39,412 [Worker-53: Searching...] INFO  o.e.m.c.i.e.AbstractTransferListenerAdapter - Downloaded https://repo.maven.apache.org/maven2/org/apache/maven/maven-settings-builder/3.8.6/maven-settings-builder-3.8.6-sources.jar
2023-01-27 15:44:40,343 [Worker-53: Searching...] INFO  o.e.m.c.i.e.AbstractTransferListenerAdapter - Downloading https://repo.maven.apache.org/maven2/org/apache/maven/shared/maven-shared-utils/3.3.4/maven-shared-utils-3.3.4-sources.jar
2023-01-27 15:44:41,092 [Worker-53: Searching...] INFO  o.e.m.c.i.e.AbstractTransferListenerAdapter - Downloaded https://repo.maven.apache.org/maven2/org/apache/maven/shared/maven-shared-utils/3.3.4/maven-shared-utils-3.3.4-sources.jar
2023-01-27 15:44:41,729 [Worker-53: Searching...] INFO  o.e.m.c.i.e.AbstractTransferListenerAdapter - Downloading https://repo.maven.apache.org/maven2/com/squareup/okhttp3/okhttp/3.14.1/okhttp-3.14.1-sources.jar
2023-01-27 15:44:42,402 [Worker-53: Searching...] INFO  o.e.m.c.i.e.AbstractTransferListenerAdapter - Downloaded https://repo.maven.apache.org/maven2/com/squareup/okhttp3/okhttp/3.14.1/okhttp-3.14.1-sources.jar
2023-01-27 15:44:43,289 [Worker-53: Searching...] INFO  o.e.m.c.i.e.AbstractTransferListenerAdapter - Downloading https://repo.maven.apache.org/maven2/com/squareup/okio/okio/1.17.3/okio-1.17.3-sources.jar
2023-01-27 15:44:43,803 [Worker-53: Searching...] INFO  o.e.m.c.i.e.AbstractTransferListenerAdapter - Downloaded https://repo.maven.apache.org/maven2/com/squareup/okio/okio/1.17.3/okio-1.17.3-sources.jar
2023-01-27 15:44:44,693 [Worker-53: Searching...] INFO  o.e.m.c.i.e.AbstractTransferListenerAdapter - Downloading https://repo.maven.apache.org/maven2/org/codehaus/plexus/plexus-cipher/2.0/plexus-cipher-2.0-sources.jar
2023-01-27 15:44:45,132 [Worker-53: Searching...] INFO  o.e.m.c.i.e.AbstractTransferListenerAdapter - Downloaded https://repo.maven.apache.org/maven2/org/codehaus/plexus/plexus-cipher/2.0/plexus-cipher-2.0-sources.jar
2023-01-27 15:44:45,612 [Worker-53: Searching...] INFO  o.e.m.c.i.e.AbstractTransferListenerAdapter - Downloading https://repo.maven.apache.org/maven2/org/codehaus/plexus/plexus-component-annotations/2.1.0/plexus-component-annotations-2.1.0-sources.jar
2023-01-27 15:44:45,847 [Worker-53: Searching...] INFO  o.e.m.c.i.e.AbstractTransferListenerAdapter - Downloaded https://repo.maven.apache.org/maven2/org/codehaus/plexus/plexus-component-annotations/2.1.0/plexus-component-annotations-2.1.0-sources.jar
2023-01-27 15:44:46,388 [Worker-53: Searching...] INFO  o.e.m.c.i.e.AbstractTransferListenerAdapter - Downloading https://repo.maven.apache.org/maven2/org/codehaus/plexus/plexus-interpolation/1.26/plexus-interpolation-1.26-sources.jar
2023-01-27 15:44:46,705 [Worker-53: Searching...] INFO  o.e.m.c.i.e.AbstractTransferListenerAdapter - Downloaded https://repo.maven.apache.org/maven2/org/codehaus/plexus/plexus-interpolation/1.26/plexus-interpolation-1.26-sources.jar
2023-01-27 15:44:47,416 [Worker-53: Searching...] INFO  o.e.m.c.i.e.AbstractTransferListenerAdapter - Downloading https://repo.maven.apache.org/maven2/org/codehaus/plexus/plexus-sec-dispatcher/2.0/plexus-sec-dispatcher-2.0-sources.jar
2023-01-27 15:44:47,745 [Worker-53: Searching...] INFO  o.e.m.c.i.e.AbstractTransferListenerAdapter - Downloaded https://repo.maven.apache.org/maven2/org/codehaus/plexus/plexus-sec-dispatcher/2.0/plexus-sec-dispatcher-2.0-sources.jar
2023-01-27 15:44:48,647 [Worker-53: Searching...] INFO  o.e.m.c.i.e.AbstractTransferListenerAdapter - Downloading https://repo.maven.apache.org/maven2/org/codehaus/plexus/plexus-utils/3.3.1/plexus-utils-3.3.1-sources.jar
2023-01-27 15:44:50,185 [Worker-53: Searching...] INFO  o.e.m.c.i.e.AbstractTransferListenerAdapter - Downloaded https://repo.maven.apache.org/maven2/org/codehaus/plexus/plexus-utils/3.3.1/plexus-utils-3.3.1-sources.jar
2023-01-27 15:44:51,135 [Worker-53: Searching...] INFO  o.e.m.c.i.e.AbstractTransferListenerAdapter - Downloading https://repo.maven.apache.org/maven2/org/apache/maven/wagon/wagon-file/3.5.1/wagon-file-3.5.1-sources.jar
2023-01-27 15:44:51,601 [Worker-53: Searching...] INFO  o.e.m.c.i.e.AbstractTransferListenerAdapter - Downloaded https://repo.maven.apache.org/maven2/org/apache/maven/wagon/wagon-file/3.5.1/wagon-file-3.5.1-sources.jar
2023-01-27 15:44:52,563 [Worker-53: Searching...] INFO  o.e.m.c.i.e.AbstractTransferListenerAdapter - Downloading https://repo.maven.apache.org/maven2/org/apache/maven/wagon/wagon-provider-api/3.5.1/wagon-provider-api-3.5.1-sources.jar
2023-01-27 15:44:53,099 [Worker-53: Searching...] INFO  o.e.m.c.i.e.AbstractTransferListenerAdapter - Downloaded https://repo.maven.apache.org/maven2/org/apache/maven/wagon/wagon-provider-api/3.5.1/wagon-provider-api-3.5.1-sources.jar
2023-01-27 15:44:53,782 [Worker-53: Searching...] INFO  o.e.m.c.i.e.AbstractTransferListenerAdapter - Downloading https://repo.maven.apache.org/maven2/org/apache/maven/maven-slf4j-provider/3.8.6/maven-slf4j-provider-3.8.6-sources.jar
2023-01-27 15:44:54,096 [Worker-53: Searching...] INFO  o.e.m.c.i.e.AbstractTransferListenerAdapter - Downloaded https://repo.maven.apache.org/maven2/org/apache/maven/maven-slf4j-provider/3.8.6/maven-slf4j-provider-3.8.6-sources.jar
2023-01-27 15:44:55,016 [Worker-53: Searching...] INFO  o.e.m.c.i.e.AbstractTransferListenerAdapter - Downloading https://repo.maven.apache.org/maven2/org/slf4j/slf4j-api/1.7.36/slf4j-api-1.7.36-sources.jar
2023-01-27 15:44:55,500 [Worker-53: Searching...] INFO  o.e.m.c.i.e.AbstractTransferListenerAdapter - Downloaded https://repo.maven.apache.org/maven2/org/slf4j/slf4j-api/1.7.36/slf4j-api-1.7.36-sources.jar
2023-01-27 16:25:56,009 [ModalContext] INFO  o.e.m.c.i.e.AbstractTransferListenerAdapter - Downloading https://repo.maven.apache.org/maven2/com/browserstack/junit4-archetype-setup/1.2/junit4-archetype-setup-1.2.pom
2023-01-27 16:25:56,299 [ModalContext] INFO  o.e.m.c.i.e.AbstractTransferListenerAdapter - Downloaded https://repo.maven.apache.org/maven2/com/browserstack/junit4-archetype-setup/1.2/junit4-archetype-setup-1.2.pom
2023-01-27 16:25:56,464 [ModalContext] INFO  o.e.m.c.i.e.AbstractTransferListenerAdapter - Downloading https://repo.maven.apache.org/maven2/com/browserstack/junit4-archetype-setup/1.2/junit4-archetype-setup-1.2.jar
2023-01-27 16:25:56,620 [ModalContext] INFO  o.e.m.c.i.e.AbstractTransferListenerAdapter - Downloaded https://repo.maven.apache.org/maven2/com/browserstack/junit4-archetype-setup/1.2/junit4-archetype-setup-1.2.jar
2023-01-27 16:26:37,290 [Worker-82: Launching mavenrun-373a6640-86de-40f4-9c46-7b6ea6c78199] INFO  o.e.m.i.launch.MavenLaunchDelegate - Run build in "/tmp/m2e-archetypeGenerator13982418328035620437":
2023-01-27 16:26:37,291 [Worker-82: Launching mavenrun-373a6640-86de-40f4-9c46-7b6ea6c78199] INFO  o.e.m.i.launch.MavenLaunchDelegate -  mvn  -DBROWSERSTACK_USERNAME=YOUR_USERNAME -DBROWSERSTACK_ACCESS_KEY=YOUR_ACCESS_KEY -DarchetypeGroupId=com.browserstack -DarchetypeArtifactId=junit4-archetype-setup -DarchetypeVersion=1.2 -DgroupId=org.junit.jupiter -DartifactId=junit-jupiter-api -Dversion=0.0.1-SNAPSHOT -Dpackage=org.junit.jupiter.junit_jupiter_api -DoutputDirectory=/home/beehyv/Desktop/Sanjeev/JunitAssign -Dstyle.color=always -U archetype:generate
